# JRE version: Java(TM) SE Runtime Environment (8.0_111-b14) (build 1.8.0_111-b14)
# Java VM: Java HotSpot(TM) 64-Bit Server VM (25.111-b14 mixed mode linux-amd64 compressed oops)
Heap:
 PSYoungGen      total 89088K, used 79183K [0x00000000f5580000, 0x00000000fad80000, 0x0000000100000000)
  eden space 88064K, 89% used [0x00000000f5580000,0x00000000fa22ff88,0x00000000fab80000)
  from space 1024K, 64% used [0x00000000fac80000,0x00000000fad24070,0x00000000fad80000)
  to   space 1024K, 0% used [0x00000000fab80000,0x00000000fab80000,0x00000000fac80000)
 ParOldGen       total 180224K, used 45829K [0x00000000e0000000, 0x00000000eb000000, 0x00000000f5580000)
  object space 180224K, 25% used [0x00000000e0000000,0x00000000e2cc1660,0x00000000eb000000)
 Metaspace       used 64985K, capacity 66208K, committed 66472K, reserved 1107968K
  class space    used 7828K, capacity 8075K, committed 8104K, reserved 1048576K
GC Heap History (10 events):
Event: 1897,781 GC heap before
{Heap before GC invocations=167 (full 3):
 PSYoungGen      total 88576K, used 87680K [0x00000000f5580000, 0x00000000fad80000, 0x0000000100000000)
  eden space 87040K, 100% used [0x00000000f5580000,0x00000000faa80000,0x00000000faa80000)
  from space 1536K, 41% used [0x00000000faa80000,0x00000000fab20060,0x00000000fac00000)
  to   space 1536K, 0% used [0x00000000fac00000,0x00000000fac00000,0x00000000fad80000)
 ParOldGen       total 180224K, used 45669K [0x00000000e0000000, 0x00000000eb000000, 0x00000000f5580000)
  object space 180224K, 25% used [0x00000000e0000000,0x00000000e2c99660,0x00000000eb000000)
 Metaspace       used 64246K, capacity 65518K, committed 65704K, reserved 1107968K
  class space    used 7759K, capacity 7997K, committed 8104K, reserved 1048576K
Event: 1897,784 GC heap after
Heap after GC invocations=167 (full 3):
 PSYoungGen      total 88576K, used 608K [0x00000000f5580000, 0x00000000fad80000, 0x0000000100000000)
  eden space 87040K, 0% used [0x00000000f5580000,0x00000000f5580000,0x00000000faa80000)
  from space 1536K, 39% used [0x00000000fac00000,0x00000000fac98040,0x00000000fad80000)
  to   space 1536K, 0% used [0x00000000faa80000,0x00000000faa80000,0x00000000fac00000)
 ParOldGen       total 180224K, used 45701K [0x00000000e0000000, 0x00000000eb000000, 0x00000000f5580000)
  object space 180224K, 25% used [0x00000000e0000000,0x00000000e2ca1660,0x00000000eb000000)
 Metaspace       used 64246K, capacity 65518K, committed 65704K, reserved 1107968K
  class space    used 7759K, capacity 7997K, committed 8104K, reserved 1048576K
}
Event: 1898,226 GC heap before
{Heap before GC invocations=168 (full 3):
 PSYoungGen      total 88576K, used 87648K [0x00000000f5580000, 0x00000000fad80000, 0x0000000100000000)
  eden space 87040K, 100% used [0x00000000f5580000,0x00000000faa80000,0x00000000faa80000)
  from space 1536K, 39% used [0x00000000fac00000,0x00000000fac98040,0x00000000fad80000)
  to   space 1536K, 0% used [0x00000000faa80000,0x00000000faa80000,0x00000000fac00000)
 ParOldGen       total 180224K, used 45701K [0x00000000e0000000, 0x00000000eb000000, 0x00000000f5580000)
  object space 180224K, 25% used [0x00000000e0000000,0x00000000e2ca1660,0x00000000eb000000)
 Metaspace       used 64246K, capacity 65518K, committed 65704K, reserved 1107968K
  class space    used 7759K, capacity 7997K, committed 8104K, reserved 1048576K
Event: 1898,229 GC heap after
Heap after GC invocations=168 (full 3):
 PSYoungGen      total 88576K, used 672K [0x00000000f5580000, 0x00000000fad80000, 0x0000000100000000)
  eden space 87040K, 0% used [0x00000000f5580000,0x00000000f5580000,0x00000000faa80000)
  from space 1536K, 43% used [0x00000000faa80000,0x00000000fab28060,0x00000000fac00000)
  to   space 1536K, 0% used [0x00000000fac00000,0x00000000fac00000,0x00000000fad80000)
 ParOldGen       total 180224K, used 45733K [0x00000000e0000000, 0x00000000eb000000, 0x00000000f5580000)
  object space 180224K, 25% used [0x00000000e0000000,0x00000000e2ca9660,0x00000000eb000000)
 Metaspace       used 64246K, capacity 65518K, committed 65704K, reserved 1107968K
  class space    used 7759K, capacity 7997K, committed 8104K, reserved 1048576K
}
Event: 1898,705 GC heap before
{Heap before GC invocations=169 (full 3):
 PSYoungGen      total 88576K, used 87712K [0x00000000f5580000, 0x00000000fad80000, 0x0000000100000000)
  eden space 87040K, 100% used [0x00000000f5580000,0x00000000faa80000,0x00000000faa80000)
  from space 1536K, 43% used [0x00000000faa80000,0x00000000fab28060,0x00000000fac00000)
  to   space 1536K, 0% used [0x00000000fac00000,0x00000000fac00000,0x00000000fad80000)
 ParOldGen       total 180224K, used 45733K [0x00000000e0000000, 0x00000000eb000000, 0x00000000f5580000)
  object space 180224K, 25% used [0x00000000e0000000,0x00000000e2ca9660,0x00000000eb000000)
 Metaspace       used 64246K, capacity 65518K, committed 65704K, reserved 1107968K
  class space    used 7759K, capacity 7997K, committed 8104K, reserved 1048576K
Event: 1898,709 GC heap after
Heap after GC invocations=169 (full 3):
 PSYoungGen      total 89088K, used 624K [0x00000000f5580000, 0x00000000fad80000, 0x0000000100000000)
  eden space 87552K, 0% used [0x00000000f5580000,0x00000000f5580000,0x00000000fab00000)
  from space 1536K, 40% used [0x00000000fac00000,0x00000000fac9c050,0x00000000fad80000)
  to   space 1024K, 0% used [0x00000000fab00000,0x00000000fab00000,0x00000000fac00000)
 ParOldGen       total 180224K, used 45765K [0x00000000e0000000, 0x00000000eb000000, 0x00000000f5580000)
  object space 180224K, 25% used [0x00000000e0000000,0x00000000e2cb1660,0x00000000eb000000)
 Metaspace       used 64246K, capacity 65518K, committed 65704K, reserved 1107968K
  class space    used 7759K, capacity 7997K, committed 8104K, reserved 1048576K
}
Event: 1899,177 GC heap before
{Heap before GC invocations=170 (full 3):
 PSYoungGen      total 89088K, used 88176K [0x00000000f5580000, 0x00000000fad80000, 0x0000000100000000)
  eden space 87552K, 100% used [0x00000000f5580000,0x00000000fab00000,0x00000000fab00000)
  from space 1536K, 40% used [0x00000000fac00000,0x00000000fac9c050,0x00000000fad80000)
  to   space 1024K, 0% used [0x00000000fab00000,0x00000000fab00000,0x00000000fac00000)
 ParOldGen       total 180224K, used 45765K [0x00000000e0000000, 0x00000000eb000000, 0x00000000f5580000)
  object space 180224K, 25% used [0x00000000e0000000,0x00000000e2cb1660,0x00000000eb000000)
 Metaspace       used 64246K, capacity 65518K, committed 65704K, reserved 1107968K
  class space    used 7759K, capacity 7997K, committed 8104K, reserved 1048576K
Event: 1899,181 GC heap after
Heap after GC invocations=170 (full 3):
 PSYoungGen      total 88576K, used 608K [0x00000000f5580000, 0x00000000fad80000, 0x0000000100000000)
  eden space 87552K, 0% used [0x00000000f5580000,0x00000000f5580000,0x00000000fab00000)
  from space 1024K, 59% used [0x00000000fab00000,0x00000000fab98060,0x00000000fac00000)
  to   space 1024K, 0% used [0x00000000fac80000,0x00000000fac80000,0x00000000fad80000)
 ParOldGen       total 180224K, used 45797K [0x00000000e0000000, 0x00000000eb000000, 0x00000000f5580000)
  object space 180224K, 25% used [0x00000000e0000000,0x00000000e2cb9660,0x00000000eb000000)
 Metaspace       used 64246K, capacity 65518K, committed 65704K, reserved 1107968K
  class space    used 7759K, capacity 7997K, committed 8104K, reserved 1048576K
}
Event: 1899,713 GC heap before
{Heap before GC invocations=171 (full 3):
 PSYoungGen      total 88576K, used 88160K [0x00000000f5580000, 0x00000000fad80000, 0x0000000100000000)
  eden space 87552K, 100% used [0x00000000f5580000,0x00000000fab00000,0x00000000fab00000)
  from space 1024K, 59% used [0x00000000fab00000,0x00000000fab98060,0x00000000fac00000)
  to   space 1024K, 0% used [0x00000000fac80000,0x00000000fac80000,0x00000000fad80000)
 ParOldGen       total 180224K, used 45797K [0x00000000e0000000, 0x00000000eb000000, 0x00000000f5580000)
  object space 180224K, 25% used [0x00000000e0000000,0x00000000e2cb9660,0x00000000eb000000)
 Metaspace       used 64246K, capacity 65518K, committed 65704K, reserved 1107968K
  class space    used 7759K, capacity 7997K, committed 8104K, reserved 1048576K
Event: 1899,716 GC heap after
Heap after GC invocations=171 (full 3):
 PSYoungGen      total 89088K, used 656K [0x00000000f5580000, 0x00000000fad80000, 0x0000000100000000)
  eden space 88064K, 0% used [0x00000000f5580000,0x00000000f5580000,0x00000000fab80000)
  from space 1024K, 64% used [0x00000000fac80000,0x00000000fad24070,0x00000000fad80000)
  to   space 1024K, 0% used [0x00000000fab80000,0x00000000fab80000,0x00000000fac80000)
 ParOldGen       total 180224K, used 45829K [0x00000000e0000000, 0x00000000eb000000, 0x00000000f5580000)
  object space 180224K, 25% used [0x00000000e0000000,0x00000000e2cc1660,0x00000000eb000000)
 Metaspace       used 64246K, capacity 65518K, committed 65704K, reserved 1107968K
  class space    used 7759K, capacity 7997K, committed 8104K, reserved 1048576K
}

